IoTLight/app/build/intermediates/manifest_merge_blame_file/debug/manifest-merger-blame-debug-report.txt
1<?xml version="1.0" encoding="utf-8"?>
2<manifest xmlns:android="http://schemas.android.com/apk/res/android"
3    package="com.tdtruong.iotlight"
4    android:versionCode="1"
5    android:versionName="1.0" >
6
7    <uses-sdk
8        android:minSdkVersion="15"
<<<<<<< HEAD
8-->src\main\AndroidManifest.xml
9        android:targetSdkVersion="29" />
9-->src\main\AndroidManifest.xml
10
11    <uses-permission android:name="android.permission.INTERNET" />
11-->src\main\AndroidManifest.xml:5:5-67
11-->src\main\AndroidManifest.xml:5:22-64
12    <uses-permission android:name="android.permission.WAKE_LOCK" />
12-->src\main\AndroidManifest.xml:6:5-68
12-->src\main\AndroidManifest.xml:6:22-65
13    <uses-permission android:name="android.permission.ACCESS_NETWORK_STATE" />
13-->src\main\AndroidManifest.xml:7:5-79
13-->src\main\AndroidManifest.xml:7:22-76
14
15    <application
15-->src\main\AndroidManifest.xml:9:5-28:19
16        android:allowBackup="true"
16-->src\main\AndroidManifest.xml:10:9-35
17        android:appComponentFactory="androidx.core.app.CoreComponentFactory"
17-->[androidx.core:core:1.0.1] AndroidManifest.xml:22:18-86
18        android:debuggable="true"
19        android:icon="@mipmap/ic_launcher"
19-->src\main\AndroidManifest.xml:11:9-43
20        android:label="@string/app_name"
20-->src\main\AndroidManifest.xml:12:9-41
21        android:roundIcon="@mipmap/ic_launcher_round"
21-->src\main\AndroidManifest.xml:13:9-54
22        android:supportsRtl="true"
22-->src\main\AndroidManifest.xml:14:9-35
23        android:testOnly="true"
24        android:theme="@style/AppTheme" >
24-->src\main\AndroidManifest.xml:15:9-40
25        <activity android:name="com.tdtruong.iotlight.View.DeviceApdater" >
25-->src\main\AndroidManifest.xml:16:9-22:20
25-->src\main\AndroidManifest.xml:16:19-53
26            <intent-filter>
26-->src\main\AndroidManifest.xml:17:13-21:29
27                <action android:name="android.intent.action.MAIN" />
27-->src\main\AndroidManifest.xml:18:17-69
27-->src\main\AndroidManifest.xml:18:25-66
28
29                <category android:name="android.intent.category.LAUNCHER" />
29-->src\main\AndroidManifest.xml:20:17-77
29-->src\main\AndroidManifest.xml:20:27-74
30            </intent-filter>
31        </activity>
32        <activity android:name="com.tdtruong.iotlight.View.MainActivity" >
32-->src\main\AndroidManifest.xml:23:9-25:20
32-->src\main\AndroidManifest.xml:23:19-52
33        </activity>
34
35        <service android:name="org.eclipse.paho.android.service.MqttService" />
35-->src\main\AndroidManifest.xml:27:9-80
35-->src\main\AndroidManifest.xml:27:18-77
36    </application>
37
38</manifest>
=======
8-->src\main\AndroidManifest.xml
9        android:targetSdkVersion="29" />
9-->src\main\AndroidManifest.xml
10
11    <uses-permission android:name="android.permission.INTERNET" />
11-->src\main\AndroidManifest.xml:5:5-67
11-->src\main\AndroidManifest.xml:5:22-64
12    <uses-permission android:name="android.permission.WAKE_LOCK" />
12-->src\main\AndroidManifest.xml:6:5-68
12-->src\main\AndroidManifest.xml:6:22-65
13    <uses-permission android:name="android.permission.ACCESS_NETWORK_STATE" />
13-->src\main\AndroidManifest.xml:7:5-79
13-->src\main\AndroidManifest.xml:7:22-76
14
15    <application
15-->src\main\AndroidManifest.xml:9:5-29:19
16        android:allowBackup="true"
16-->src\main\AndroidManifest.xml:10:9-35
17        android:appComponentFactory="androidx.core.app.CoreComponentFactory"
17-->[androidx.core:core:1.0.1] AndroidManifest.xml:22:18-86
18        android:debuggable="true"
19        android:icon="@mipmap/ic_launcher"
19-->src\main\AndroidManifest.xml:11:9-43
20        android:label="@string/app_name"
20-->src\main\AndroidManifest.xml:12:9-41
21        android:roundIcon="@mipmap/ic_launcher_round"
21-->src\main\AndroidManifest.xml:13:9-54
22        android:supportsRtl="true"
22-->src\main\AndroidManifest.xml:14:9-35
23        android:testOnly="true"
24        android:theme="@style/AppTheme" >
24-->src\main\AndroidManifest.xml:15:9-40
25        <activity android:name="com.tdtruong.iotlight.warningNotification" >
25-->src\main\AndroidManifest.xml:16:9-22:20
25-->src\main\AndroidManifest.xml:16:19-54
26            <intent-filter>
26-->src\main\AndroidManifest.xml:17:13-21:29
27                <action android:name="android.intent.action.MAIN" />
27-->src\main\AndroidManifest.xml:18:17-69
27-->src\main\AndroidManifest.xml:18:25-66
28
29                <category android:name="android.intent.category.LAUNCHER" />
29-->src\main\AndroidManifest.xml:20:17-77
29-->src\main\AndroidManifest.xml:20:27-74
30            </intent-filter>
31        </activity>
32        <activity android:name="com.tdtruong.iotlight.LoginApp" >
32-->src\main\AndroidManifest.xml:23:9-25:20
32-->src\main\AndroidManifest.xml:23:19-43
33        </activity>
34        <activity android:name="com.tdtruong.iotlight.MainActivity" />
34-->src\main\AndroidManifest.xml:26:9-59
34-->src\main\AndroidManifest.xml:26:19-47
35
36        <service android:name="org.eclipse.paho.android.service.MqttService" />
36-->src\main\AndroidManifest.xml:28:9-80
36-->src\main\AndroidManifest.xml:28:18-77
37    </application>
38
39</manifest>
>>>>>>> origin/master